Server running at port 80
incomingMessage Type: text
wechat on text message!
incomingMessage Type: text
wechat on text message!
incomingMessage Type: text
wechat on text message!
incomingMessage Type: event
incomingMessage Type: event
incomingMessage Type: event
incomingMessage Type: event
wechat on event.subscribe!
incomingMessage Type: event
incomingMessage Type: event
incomingMessage Type: event
incomingMessage Type: event
incomingMessage Type: event
incomingMessage Type: event
incomingMessage Type: event
wechat on event.subscribe!
incomingMessage Type: event
incomingMessage Type: event
incomingMessage Type: event
incomingMessage Type: event
incomingMessage Type: event
incomingMessage Type: event
incomingMessage Type: text
wechat on text message!
incomingMessage Type: text
wechat on text message!
